0 info it worked if it ends with ok
1 verbose cli [ '/usr/bin/node', '/usr/bin/npm', 'run', 'clean:build' ]
2 info using npm@3.5.2
3 info using node@v8.10.0
4 verbose run-script [ 'preclean:build', 'clean:build', 'postclean:build' ]
5 info lifecycle root@0.0.0~preclean:build: root@0.0.0
6 silly lifecycle root@0.0.0~preclean:build: no script for preclean:build, continuing
7 info lifecycle root@0.0.0~clean:build: root@0.0.0
8 verbose lifecycle root@0.0.0~clean:build: unsafe-perm in lifecycle true
9 verbose lifecycle root@0.0.0~clean:build: PATH: /usr/share/npm/bin/node-gyp-bin:/mnt/c/Users/csperbeck/source/repos/azure-bake-ado/node_modules/.bin:/home/csperbeck/bin:/home/csperbeck/.local/bin:/usr/local/sbin:/usr/local/bin:/usr/sbin:/usr/bin:/sbin:/bin:/usr/games:/usr/local/games:/mnt/c/ProgramData/DockerDesktop/version-bin:/mnt/c/Program Files/Docker/Docker/resources/bin:/mnt/c/Program Files/Microsoft MPI/Bin:/mnt/c/Program Files (x86)/Microsoft SDKs/Azure/CLI2/wbin:/mnt/c/Program Files (x86)/Common Files/Oracle/Java/javapath_target_667390093:/mnt/c/Program Files (x86)/Intel/iCLS Client:/mnt/c/Program Files/Intel/iCLS Client:/mnt/c/Windows/System32:/mnt/c/Windows:/mnt/c/Windows/System32/wbem:/mnt/c/Windows/System32/WindowsPowerShell/v1.0:/mnt/c/Windows/CCM:/mnt/c/Windows/System32/OpenSSH:/mnt/c/Program Files (x86)/Intel/Intel(R) Management Engine Components/DAL:/mnt/c/Program Files/Intel/Intel(R) Management Engine Components/DAL:/mnt/c/Program Files (x86)/Intel/Intel(R) Management Engine Components/IPT:/mnt/c/Program Files/Intel/Intel(R) Management Engine Components/IPT:/mnt/c/Program Files/Intel/WiFi/bin:/mnt/c/Program Files/Common Files/Intel/WirelessCommon:/mnt/c/Program Files/Git/cmd:/mnt/c/Program Files (x86)/Microsoft SQL Server/Client SDK/ODBC/130/Tools/Binn:/mnt/c/Program Files (x86)/Microsoft SQL Server/140/Tools/Binn:/mnt/c/Program Files (x86)/Microsoft SQL Server/140/DTS/Binn:/mnt/c/Program Files (x86)/Microsoft SQL Server/140/Tools/Binn/ManagementStudio:/mnt/c/Program Files/Microsoft VS Code/bin:/mnt/c/Program Files/WindowsPowerShell/Scripts:/mnt/c/Program Files/dotnet:/mnt/c/Program Files/Microsoft SQL Server/130/Tools/Binn:/mnt/c/Program Files/Microsoft SQL Server/Client SDK/ODBC/130/Tools/Binn:/mnt/c/Program Files/Microsoft SQL Server/140/Tools/Binn:/mnt/c/Program Files/Microsoft SQL Server/140/DTS/Binn:/mnt/c/Program Files (x86)/Microsoft SQL Server/110/DTS/Binn:/mnt/c/Program Files (x86)/Microsoft SQL Server/120/DTS/Binn:/mnt/c/Program Files (x86)/Microsoft SQL Server/130/DTS/Binn:/mnt/c/Program Files/nodejs:/mnt/c/Program Files (x86)/Microsoft SQL Server/100/Tools/Binn/VSShell/Common7/IDE:/mnt/c/Program Files (x86)/Microsoft SQL Server/100/Tools/Binn:/mnt/c/Program Files/Microsoft SQL Server/100/Tools/Binn:/mnt/c/Program Files (x86)/Microsoft SQL Server/100/DTS/Binn:/mnt/c/Users/csperbeck/AppData/Local/Programs/Python/Python37-32/Scripts:/mnt/c/Users/csperbeck/AppData/Local/Programs/Python/Python37-32:/mnt/c/Users/csperbeck/AppData/Local/Microsoft/WindowsApps:/mnt/c/Users/csperbeck/AppData/Local/Programs/Microsoft VS Code/bin:/mnt/c/Program Files (x86)/NuGet:/mnt/c/Users/csperbeck/AppData/Roaming/npm:/snap/bin:/mnt/c/Program\ Files/Docker/Docker/resources/bin
10 verbose lifecycle root@0.0.0~clean:build: CWD: /mnt/c/Users/csperbeck/source/repos/azure-bake-ado
11 silly lifecycle root@0.0.0~clean:build: Args: [ '-c', 'npm run clean && npm run initdev && npm run build' ]
12 silly lifecycle root@0.0.0~clean:build: Returned: code: 1  signal: null
13 info lifecycle root@0.0.0~clean:build: Failed to exec clean:build script
14 verbose stack Error: root@0.0.0 clean:build: `npm run clean && npm run initdev && npm run build`
14 verbose stack Exit status 1
14 verbose stack     at EventEmitter.<anonymous> (/usr/share/npm/lib/utils/lifecycle.js:232:16)
14 verbose stack     at emitTwo (events.js:126:13)
14 verbose stack     at EventEmitter.emit (events.js:214:7)
14 verbose stack     at ChildProcess.<anonymous> (/usr/share/npm/lib/utils/spawn.js:24:14)
14 verbose stack     at emitTwo (events.js:126:13)
14 verbose stack     at ChildProcess.emit (events.js:214:7)
14 verbose stack     at maybeClose (internal/child_process.js:925:16)
14 verbose stack     at Process.ChildProcess._handle.onexit (internal/child_process.js:209:5)
15 verbose pkgid root@0.0.0
16 verbose cwd /mnt/c/Users/csperbeck/source/repos/azure-bake-ado
17 error Linux 4.4.0-17134-Microsoft
18 error argv "/usr/bin/node" "/usr/bin/npm" "run" "clean:build"
19 error node v8.10.0
20 error npm  v3.5.2
21 error code ELIFECYCLE
22 error root@0.0.0 clean:build: `npm run clean && npm run initdev && npm run build`
22 error Exit status 1
23 error Failed at the root@0.0.0 clean:build script 'npm run clean && npm run initdev && npm run build'.
23 error Make sure you have the latest version of node.js and npm installed.
23 error If you do, this is most likely a problem with the root package,
23 error not with npm itself.
23 error Tell the author that this fails on your system:
23 error     npm run clean && npm run initdev && npm run build
23 error You can get information on how to open an issue for this project with:
23 error     npm bugs root
23 error Or if that isn't available, you can get their info via:
23 error     npm owner ls root
23 error There is likely additional logging output above.
24 verbose exit [ 1, true ]
